stress-ng: info:  [3232] setting to a 5 secs run per stressor
stress-ng: info:  [3234] dispatching hogs: 4 cpu
stress-ng: debug: [3236] caught SIGILL, address 0x0x5c288b330e01 (ILL_ILLOPN)
stress-ng: debug: [3236] stress-ng: info: 0x0x5c288b330df1:stress-ng: debug: [3236]  48stress-ng: debug: [3236]  83stress-ng: debug: [3236]  ecstress-ng: debug: [3236]  48stress-ng: debug: [3236]  e8stress-ng: debug: [3236]  e6stress-ng: debug: [3235] caught SIGILL, address 0x0x5c288b330e01 (ILL_ILLOPN)
stress-ng: debug: [3235] stress-ng: info: 0x0x5c288b330df1:stress-ng: debug: [3235]  48stress-ng: debug: [3235]  83stress-ng: debug: [3235]  ecstress-ng: debug: [3235]  48stress-ng: debug: [3236]  17stress-ng: debug: [3235]  e8stress-ng: debug: [3236]  f6stress-ng: debug: [3235]  e6stress-ng: debug: [3236]  ffstress-ng: debug: [3235]  17stress-ng: debug: [3236]  89stress-ng: debug: [3235]  f6stress-ng: debug: [3236]  c3stress-ng: debug: [3235]  ffstress-ng: debug: [3236]  e8stress-ng: debug: [3235]  89stress-ng: debug: [3236]  dfstress-ng: debug: [3235]  c3stress-ng: debug: [3236]  17stress-ng: debug: [3235]  e8stress-ng: debug: [3236]  f6stress-ng: debug: [3235]  dfstress-ng: debug: [3236]  ffstress-ng: debug: [3235]  17stress-ng: debug: [3236] 
stress-ng: debug: [3235]  f6stress-ng: debug: [3236] stress-ng: info: 0x0x5c288b330e01:stress-ng: debug: [3235]  ffstress-ng: debug: [3236] <c5>stress-ng: debug: [3235] 
stress-ng: debug: [3236] c9stress-ng: debug: [3236]  57stress-ng: debug: [3236]  f6stress-ng: debug: [3236]  c4stress-ng: debug: [3236]  e1stress-ng: debug: [3235] stress-ng: info: 0x0x5c288b330e01:stress-ng: debug: [3236]  cbstress-ng: debug: [3235] <c5>stress-ng: debug: [3236]  2astress-ng: debug: [3235] c9stress-ng: debug: [3236]  ebstress-ng: debug: [3235]  57stress-ng: debug: [3236]  89stress-ng: debug: [3235]  f6stress-ng: debug: [3236]  c0stress-ng: debug: [3235]  c4stress-ng: debug: [3236]  bbstress-ng: debug: [3235]  e1stress-ng: debug: [3236]  e8stress-ng: debug: [3235]  cbstress-ng: debug: [3236]  03stress-ng: debug: [3235]  2astress-ng: debug: [3236]  00stress-ng: debug: [3235]  ebstress-ng: debug: [3236]  00stress-ng: debug: [3235]  89stress-ng: debug: [3236] 
stress-ng: debug: [3235]  c0stress-ng: debug: [3235]  bbstress-ng: debug: [3235]  e8stress-ng: debug: [3236] stress-ng: info: 0x0x5c288b330e11:stress-ng: debug: [3235]  03stress-ng: debug: [3236]  c5stress-ng: debug: [3235]  00stress-ng: debug: [3236]  d3stress-ng: debug: [3235]  00stress-ng: debug: [3236]  59stress-ng: debug: [3235] 
stress-ng: debug: [3236]  2dstress-ng: debug: [3236]  a7stress-ng: debug: [3236]  03stress-ng: debug: [3235] stress-ng: info: 0x0x5c288b330e11:stress-ng: debug: [3236]  5estress-ng: debug: [3235]  c5stress-ng: debug: [3236]  00stress-ng: debug: [3235]  d3stress-ng: debug: [3236]  c4stress-ng: debug: [3235]  59stress-ng: debug: [3236]  e1stress-ng: debug: [3235]  2dstress-ng: debug: [3236]  cbstress-ng: debug: [3235]  a7stress-ng: debug: [3236]  2astress-ng: debug: [3235]  03stress-ng: debug: [3236]  c0stress-ng: debug: [3235]  5estress-ng: debug: [3236]  c5stress-ng: debug: [3235]  00stress-ng: debug: [3236]  fbstress-ng: debug: [3235]  c4stress-ng: debug: [3236]  11stress-ng: debug: [3235]  e1stress-ng: debug: [3236] 
stress-ng: debug: [3235]  cbstress-ng: debug: [3235]  2astress-ng: debug: [3235]  c0stress-ng: debug: [3235]  c5stress-ng: debug: [3235]  fbstress-ng: debug: [3235]  11stress-ng: debug: [3235] 
stress-ng: error: [3234] cpu: [3235] terminated with an error, exit status=2 (stressor failed)
stress-ng: error: [3234] cpu: [3236] terminated with an error, exit status=2 (stressor failed)
stress-ng: debug: [3238] caught SIGILL, address 0x0x5c288b330e01 (ILL_ILLOPN)
stress-ng: debug: [3238] stress-ng: info: 0x0x5c288b330df1:stress-ng: debug: [3238]  48stress-ng: debug: [3238]  83stress-ng: debug: [3238]  ecstress-ng: debug: [3238]  48stress-ng: debug: [3238]  e8stress-ng: debug: [3238]  e6stress-ng: debug: [3238]  17stress-ng: debug: [3238]  f6stress-ng: debug: [3238]  ffstress-ng: debug: [3238]  89stress-ng: debug: [3238]  c3stress-ng: debug: [3238]  e8stress-ng: debug: [3238]  dfstress-ng: debug: [3238]  17stress-ng: debug: [3238]  f6stress-ng: debug: [3238]  ffstress-ng: debug: [3238] 
stress-ng: debug: [3238] stress-ng: info: 0x0x5c288b330e01:stress-ng: debug: [3238] <c5>stress-ng: debug: [3238] c9stress-ng: debug: [3238]  57stress-ng: debug: [3238]  f6stress-ng: debug: [3238]  c4stress-ng: debug: [3238]  e1stress-ng: debug: [3238]  cbstress-ng: debug: [3238]  2astress-ng: debug: [3238]  ebstress-ng: debug: [3238]  89stress-ng: debug: [3238]  c0stress-ng: debug: [3238]  bbstress-ng: debug: [3238]  e8stress-ng: debug: [3238]  03stress-ng: debug: [3238]  00stress-ng: debug: [3238]  00stress-ng: debug: [3238] 
stress-ng: debug: [3238] stress-ng: info: 0x0x5c288b330e11:stress-ng: debug: [3238]  c5stress-ng: debug: [3238]  d3stress-ng: debug: [3238]  59stress-ng: debug: [3238]  2dstress-ng: debug: [3238]  a7stress-ng: debug: [3238]  03stress-ng: debug: [3238]  5estress-ng: debug: [3238]  00stress-ng: debug: [3238]  c4stress-ng: debug: [3238]  e1stress-ng: debug: [3238]  cbstress-ng: debug: [3238]  2astress-ng: debug: [3238]  c0stress-ng: debug: [3238]  c5stress-ng: debug: [3238]  fbstress-ng: debug: [3238]  11stress-ng: debug: [3238] 
stress-ng: debug: [3237] caught SIGILL, address 0x0x5c288b330e01 (ILL_ILLOPN)
stress-ng: debug: [3237] stress-ng: info: 0x0x5c288b330df1:stress-ng: debug: [3237]  48stress-ng: debug: [3237]  83stress-ng: debug: [3237]  ecstress-ng: debug: [3237]  48stress-ng: debug: [3237]  e8stress-ng: debug: [3237]  e6stress-ng: debug: [3237]  17stress-ng: debug: [3237]  f6stress-ng: debug: [3237]  ffstress-ng: debug: [3237]  89stress-ng: debug: [3237]  c3stress-ng: debug: [3237]  e8stress-ng: debug: [3237]  dfstress-ng: debug: [3237]  17stress-ng: debug: [3237]  f6stress-ng: debug: [3237]  ffstress-ng: debug: [3237] 
stress-ng: debug: [3237] stress-ng: info: 0x0x5c288b330e01:stress-ng: debug: [3237] <c5>stress-ng: debug: [3237] c9stress-ng: debug: [3237]  57stress-ng: debug: [3237]  f6stress-ng: debug: [3237]  c4stress-ng: debug: [3237]  e1stress-ng: debug: [3237]  cbstress-ng: debug: [3237]  2astress-ng: debug: [3237]  ebstress-ng: debug: [3237]  89stress-ng: debug: [3237]  c0stress-ng: debug: [3237]  bbstress-ng: debug: [3237]  e8stress-ng: debug: [3237]  03stress-ng: debug: [3237]  00stress-ng: debug: [3237]  00stress-ng: debug: [3237] 
stress-ng: debug: [3237] stress-ng: info: 0x0x5c288b330e11:stress-ng: debug: [3237]  c5stress-ng: debug: [3237]  d3stress-ng: debug: [3237]  59stress-ng: debug: [3237]  2dstress-ng: debug: [3237]  a7stress-ng: debug: [3237]  03stress-ng: debug: [3237]  5estress-ng: debug: [3237]  00stress-ng: debug: [3237]  c4stress-ng: debug: [3237]  e1stress-ng: debug: [3237]  cbstress-ng: debug: [3237]  2astress-ng: debug: [3237]  c0stress-ng: debug: [3237]  c5stress-ng: debug: [3237]  fbstress-ng: debug: [3237]  11stress-ng: debug: [3237] 
stress-ng: error: [3234] cpu: [3237] terminated with an error, exit status=2 (stressor failed)
stress-ng: error: [3234] cpu: [3238] terminated with an error, exit status=2 (stressor failed)
stress-ng: warn:  [3234] metrics-check: all bogo-op counters are zero, data may be incorrect
stress-ng: info:  [3234] skipped: 0
stress-ng: info:  [3234] passed: 0
stress-ng: info:  [3234] failed: 4: cpu (4)
stress-ng: info:  [3234] metrics untrustworthy: 0
stress-ng: info:  [3234] unsuccessful run completed in 0.01 secs
